Arguments: 
  /home/smol/.nvm/versions/node/v12.3.1/bin/node /usr/local/bin/yarn add vue vue-resourse

PATH: 
  /home/smol/.nvm/versions/node/v12.3.1/bin:/usr/local/sbin:/usr/local/bin:/usr/sbin:/usr/bin:/sbin:/bin:/usr/games:/usr/local/games:/snap/bin

Yarn version: 
  1.16.0

Node version: 
  12.3.1

Platform: 
  linux x64

Trace: 
  Error: https://registry.yarnpkg.com/vue-resourse: Not found
      at Request.params.callback [as _callback] (/usr/local/lib/node_modules/yarn/lib/cli.js:66091:18)
      at Request.self.callback (/usr/local/lib/node_modules/yarn/lib/cli.js:129590:22)
      at Request.emit (events.js:200:13)
      at Request.<anonymous> (/usr/local/lib/node_modules/yarn/lib/cli.js:130562:10)
      at Request.emit (events.js:200:13)
      at IncomingMessage.<anonymous> (/usr/local/lib/node_modules/yarn/lib/cli.js:130484:12)
      at Object.onceWrapper (events.js:288:20)
      at IncomingMessage.emit (events.js:205:15)
      at endReadableNT (_stream_readable.js:1137:12)
      at processTicksAndRejections (internal/process/task_queues.js:84:9)

npm manifest: 
  {
    "name": "jwtappdemo",
    "version": "1.0.0",
    "main": "index.js",
    "repository": "https://github.com/proselytear/jwtappdemo.git",
    "author": "FloY1 <artem.smolonskiy@mail.ru>",
    "license": "MIT"
  }

yarn manifest: 
  No manifest

Lockfile: 
  No lockfile
